
*** Running vivado
    with args -log top3.vds -m64 -mode batch -messageDb vivado.pb -notrace -source top3.tcl


****** Vivado v2015.4 (64-bit)
  **** SW Build 1412921 on Wed Nov 18 09:44:32 MST 2015
  **** IP Build 1412160 on Tue Nov 17 13:47:24 MST 2015
    ** Copyright 1986-2015 Xilinx, Inc. All Rights Reserved.

source top3.tcl -notrace
Command: synth_design -top top3 -part xc7z020clg484-1
Starting synth_design
Attempting to get a license for feature 'Synthesis' and/or device 'xc7z020'
INFO: [Common 17-349] Got license for feature 'Synthesis' and/or device 'xc7z020'
INFO: [Common 17-1223] The version limit for your license is '2016.11' and will expire in -282 days. A version limit expiration means that, although you may be able to continue to use the current version of tools or IP with this license, you will not be eligible for any updates or new releases.
---------------------------------------------------------------------------------
Starting RTL Elaboration : Time (s): cpu = 00:00:06 ; elapsed = 00:00:08 . Memory (MB): peak = 1051.422 ; gain = 193.762 ; free physical = 3920 ; free virtual = 13700
---------------------------------------------------------------------------------
INFO: [Synth 8-638] synthesizing module 'top3' [/home/shubhang/ELD/frequency_divider/frequency_divider.srcs/sources_1/new/top3.v:23]
INFO: [Synth 8-638] synthesizing module 'onehertzfreq' [/home/shubhang/ELD/frequency_divider/frequency_divider.srcs/sources_1/new/onehertzfreq.v:23]
INFO: [Synth 8-256] done synthesizing module 'onehertzfreq' (1#1) [/home/shubhang/ELD/frequency_divider/frequency_divider.srcs/sources_1/new/onehertzfreq.v:23]
INFO: [Synth 8-638] synthesizing module 'frequency_divider' [/home/shubhang/ELD/frequency_divider/frequency_divider.srcs/sources_1/new/frequency_divider.v:23]
	Parameter width bound to: 1 - type: integer 
INFO: [Synth 8-256] done synthesizing module 'frequency_divider' (2#1) [/home/shubhang/ELD/frequency_divider/frequency_divider.srcs/sources_1/new/frequency_divider.v:23]
INFO: [Synth 8-638] synthesizing module 'frequency_divider__parameterized0' [/home/shubhang/ELD/frequency_divider/frequency_divider.srcs/sources_1/new/frequency_divider.v:23]
	Parameter width bound to: 2 - type: integer 
INFO: [Synth 8-256] done synthesizing module 'frequency_divider__parameterized0' (2#1) [/home/shubhang/ELD/frequency_divider/frequency_divider.srcs/sources_1/new/frequency_divider.v:23]
INFO: [Synth 8-638] synthesizing module 'frequency_divider__parameterized1' [/home/shubhang/ELD/frequency_divider/frequency_divider.srcs/sources_1/new/frequency_divider.v:23]
	Parameter width bound to: 3 - type: integer 
INFO: [Synth 8-256] done synthesizing module 'frequency_divider__parameterized1' (2#1) [/home/shubhang/ELD/frequency_divider/frequency_divider.srcs/sources_1/new/frequency_divider.v:23]
INFO: [Synth 8-638] synthesizing module 'debouncer' [/home/shubhang/ELD/frequency_divider/frequency_divider.srcs/sources_1/new/debouncer.v:23]
INFO: [Synth 8-256] done synthesizing module 'debouncer' (3#1) [/home/shubhang/ELD/frequency_divider/frequency_divider.srcs/sources_1/new/debouncer.v:23]
INFO: [Synth 8-638] synthesizing module 'counter' [/home/shubhang/ELD/lab4/lab4.srcs/sources_1/new/counter.v:23]
	Parameter width bound to: 5 - type: integer 
INFO: [Synth 8-256] done synthesizing module 'counter' (4#1) [/home/shubhang/ELD/lab4/lab4.srcs/sources_1/new/counter.v:23]
INFO: [Synth 8-256] done synthesizing module 'top3' (5#1) [/home/shubhang/ELD/frequency_divider/frequency_divider.srcs/sources_1/new/top3.v:23]
---------------------------------------------------------------------------------
Finished RTL Elaboration : Time (s): cpu = 00:00:07 ; elapsed = 00:00:09 . Memory (MB): peak = 1091.797 ; gain = 234.137 ; free physical = 3878 ; free virtual = 13659
---------------------------------------------------------------------------------

Report Check Netlist: 
+------+------------------+-------+---------+-------+------------------+
|      |Item              |Errors |Warnings |Status |Description       |
+------+------------------+-------+---------+-------+------------------+
|1     |multi_driven_nets |      0|        0|Passed |Multi driven nets |
+------+------------------+-------+---------+-------+------------------+
---------------------------------------------------------------------------------
Finished RTL Optimization Phase 1 : Time (s): cpu = 00:00:07 ; elapsed = 00:00:09 . Memory (MB): peak = 1091.797 ; gain = 234.137 ; free physical = 3878 ; free virtual = 13658
---------------------------------------------------------------------------------
INFO: [Device 21-403] Loading part xc7z020clg484-1
INFO: [Project 1-570] Preparing netlist for logic optimization

Processing XDC Constraints
Initializing timing engine
Parsing XDC File [/home/shubhang/ELD/frequency_divider/frequency_divider.srcs/constrs_1/new/topconstraints.xdc]
Finished Parsing XDC File [/home/shubhang/ELD/frequency_divider/frequency_divider.srcs/constrs_1/new/topconstraints.xdc]
INFO: [Project 1-236] Implementation specific constraints were found while reading constraint file [/home/shubhang/ELD/frequency_divider/frequency_divider.srcs/constrs_1/new/topconstraints.xdc]. These constraints will be ignored for synthesis but will be used in implementation. Impacted constraints are listed in the file [.Xil/top3_propImpl.xdc].
Resolution: To avoid this warning, move constraints listed in [.Xil/top3_propImpl.xdc] to another XDC file and exclude this new file from synthesis with the used_in_synthesis property (File Properties dialog in GUI) and re-run elaboration/synthesis.
Completed Processing XDC Constraints

INFO: [Project 1-111] Unisim Transformation Summary:
No Unisim elements were transformed.

Constraint Validation Runtime : Time (s): cpu = 00:00:00 ; elapsed = 00:00:00 . Memory (MB): peak = 1390.570 ; gain = 0.000 ; free physical = 3696 ; free virtual = 13477
INFO: Launching helper process for spawning children vivado processes
INFO: Helper process launched with PID 10065 
---------------------------------------------------------------------------------
Finished Constraint Validation : Time (s): cpu = 00:00:15 ; elapsed = 00:00:17 . Memory (MB): peak = 1390.570 ; gain = 532.910 ; free physical = 3701 ; free virtual = 13474
---------------------------------------------------------------------------------
---------------------------------------------------------------------------------
Start Loading Part and Timing Information
---------------------------------------------------------------------------------
Loading part: xc7z020clg484-1
---------------------------------------------------------------------------------
Finished Loading Part and Timing Information : Time (s): cpu = 00:00:15 ; elapsed = 00:00:17 . Memory (MB): peak = 1390.570 ; gain = 532.910 ; free physical = 3701 ; free virtual = 13474
---------------------------------------------------------------------------------
---------------------------------------------------------------------------------
Start Applying 'set_property' XDC Constraints
---------------------------------------------------------------------------------
---------------------------------------------------------------------------------
Finished applying 'set_property' XDC Constraints : Time (s): cpu = 00:00:15 ; elapsed = 00:00:17 . Memory (MB): peak = 1390.570 ; gain = 532.910 ; free physical = 3701 ; free virtual = 13474
---------------------------------------------------------------------------------
INFO: [Synth 8-5545] ROM "clock_out" won't be mapped to RAM because address size (26) is larger than maximum supported(25)
---------------------------------------------------------------------------------
Finished RTL Optimization Phase 2 : Time (s): cpu = 00:00:15 ; elapsed = 00:00:17 . Memory (MB): peak = 1390.570 ; gain = 532.910 ; free physical = 3692 ; free virtual = 13464
---------------------------------------------------------------------------------

Report RTL Partitions: 
+-+--------------+------------+----------+
| |RTL Partition |Replication |Instances |
+-+--------------+------------+----------+
+-+--------------+------------+----------+
---------------------------------------------------------------------------------
Start RTL Component Statistics 
---------------------------------------------------------------------------------
Detailed RTL Component Info : 
+---Adders : 
	   2 Input     26 Bit       Adders := 1     
	   2 Input      5 Bit       Adders := 1     
	   2 Input      3 Bit       Adders := 1     
	   2 Input      2 Bit       Adders := 1     
	   2 Input      1 Bit       Adders := 1     
+---Registers : 
	               26 Bit    Registers := 1     
	                5 Bit    Registers := 1     
	                3 Bit    Registers := 1     
	                2 Bit    Registers := 1     
	                1 Bit    Registers := 5     
+---Muxes : 
	   2 Input     26 Bit        Muxes := 1     
	   4 Input      1 Bit        Muxes := 1     
---------------------------------------------------------------------------------
Finished RTL Component Statistics 
---------------------------------------------------------------------------------
---------------------------------------------------------------------------------
Start RTL Hierarchical Component Statistics 
---------------------------------------------------------------------------------
Hierarchical RTL Component report 
Module top3 
Detailed RTL Component Info : 
+---Muxes : 
	   4 Input      1 Bit        Muxes := 1     
Module onehertzfreq 
Detailed RTL Component Info : 
+---Adders : 
	   2 Input     26 Bit       Adders := 1     
+---Registers : 
	               26 Bit    Registers := 1     
	                1 Bit    Registers := 1     
+---Muxes : 
	   2 Input     26 Bit        Muxes := 1     
Module frequency_divider 
Detailed RTL Component Info : 
+---Adders : 
	   2 Input      1 Bit       Adders := 1     
+---Registers : 
	                1 Bit    Registers := 1     
Module frequency_divider__parameterized0 
Detailed RTL Component Info : 
+---Adders : 
	   2 Input      2 Bit       Adders := 1     
+---Registers : 
	                2 Bit    Registers := 1     
Module frequency_divider__parameterized1 
Detailed RTL Component Info : 
+---Adders : 
	   2 Input      3 Bit       Adders := 1     
+---Registers : 
	                3 Bit    Registers := 1     
Module debouncer 
Detailed RTL Component Info : 
+---Registers : 
	                1 Bit    Registers := 3     
Module counter 
Detailed RTL Component Info : 
+---Adders : 
	   2 Input      5 Bit       Adders := 1     
+---Registers : 
	                5 Bit    Registers := 1     
---------------------------------------------------------------------------------
Finished RTL Hierarchical Component Statistics
---------------------------------------------------------------------------------
---------------------------------------------------------------------------------
Start Part Resource Summary
---------------------------------------------------------------------------------
Part Resources:
DSPs: 220 (col length:60)
BRAMs: 280 (col length: RAMB18 60 RAMB36 30)
---------------------------------------------------------------------------------
Finished Part Resource Summary
---------------------------------------------------------------------------------
Start Parallel Synthesis Optimization  : Time (s): cpu = 00:00:15 ; elapsed = 00:00:17 . Memory (MB): peak = 1390.578 ; gain = 532.918 ; free physical = 3692 ; free virtual = 13464
---------------------------------------------------------------------------------
Start Cross Boundary Optimization
---------------------------------------------------------------------------------
INFO: [Synth 8-5545] ROM "o/clock_out" won't be mapped to RAM because address size (26) is larger than maximum supported(25)
---------------------------------------------------------------------------------
Finished Cross Boundary Optimization : Time (s): cpu = 00:00:15 ; elapsed = 00:00:17 . Memory (MB): peak = 1390.578 ; gain = 532.918 ; free physical = 3694 ; free virtual = 13466
---------------------------------------------------------------------------------
Finished Parallel Reinference  : Time (s): cpu = 00:00:15 ; elapsed = 00:00:17 . Memory (MB): peak = 1390.578 ; gain = 532.918 ; free physical = 3694 ; free virtual = 13466

Report RTL Partitions: 
+-+--------------+------------+----------+
| |RTL Partition |Replication |Instances |
+-+--------------+------------+----------+
+-+--------------+------------+----------+
---------------------------------------------------------------------------------
Start Area Optimization
---------------------------------------------------------------------------------
---------------------------------------------------------------------------------
Finished Area Optimization : Time (s): cpu = 00:00:15 ; elapsed = 00:00:17 . Memory (MB): peak = 1390.578 ; gain = 532.918 ; free physical = 3678 ; free virtual = 13450
---------------------------------------------------------------------------------
Finished Parallel Area Optimization  : Time (s): cpu = 00:00:15 ; elapsed = 00:00:17 . Memory (MB): peak = 1390.578 ; gain = 532.918 ; free physical = 3678 ; free virtual = 13450

Report RTL Partitions: 
+-+--------------+------------+----------+
| |RTL Partition |Replication |Instances |
+-+--------------+------------+----------+
+-+--------------+------------+----------+
---------------------------------------------------------------------------------
Start Timing Optimization
---------------------------------------------------------------------------------
---------------------------------------------------------------------------------
Start Applying XDC Timing Constraints
---------------------------------------------------------------------------------
---------------------------------------------------------------------------------
Finished Applying XDC Timing Constraints : Time (s): cpu = 00:00:24 ; elapsed = 00:00:26 . Memory (MB): peak = 1390.578 ; gain = 532.918 ; free physical = 3629 ; free virtual = 13402
---------------------------------------------------------------------------------
---------------------------------------------------------------------------------
Finished Timing Optimization : Time (s): cpu = 00:00:24 ; elapsed = 00:00:26 . Memory (MB): peak = 1390.578 ; gain = 532.918 ; free physical = 3629 ; free virtual = 13402
---------------------------------------------------------------------------------

Report RTL Partitions: 
+-+--------------+------------+----------+
| |RTL Partition |Replication |Instances |
+-+--------------+------------+----------+
+-+--------------+------------+----------+
---------------------------------------------------------------------------------
Start Technology Mapping
---------------------------------------------------------------------------------
---------------------------------------------------------------------------------
Finished Technology Mapping : Time (s): cpu = 00:00:24 ; elapsed = 00:00:26 . Memory (MB): peak = 1399.586 ; gain = 541.926 ; free physical = 3619 ; free virtual = 13391
---------------------------------------------------------------------------------
Finished Parallel Technology Mapping Optimization  : Time (s): cpu = 00:00:24 ; elapsed = 00:00:26 . Memory (MB): peak = 1399.586 ; gain = 541.926 ; free physical = 3619 ; free virtual = 13391

Report RTL Partitions: 
+-+--------------+------------+----------+
| |RTL Partition |Replication |Instances |
+-+--------------+------------+----------+
+-+--------------+------------+----------+
Finished Parallel Synthesis Optimization  : Time (s): cpu = 00:00:24 ; elapsed = 00:00:26 . Memory (MB): peak = 1399.586 ; gain = 541.926 ; free physical = 3619 ; free virtual = 13391
---------------------------------------------------------------------------------
Start IO Insertion
---------------------------------------------------------------------------------
---------------------------------------------------------------------------------
Start Flattening Before IO Insertion
---------------------------------------------------------------------------------
---------------------------------------------------------------------------------
Finished Flattening Before IO Insertion
---------------------------------------------------------------------------------
---------------------------------------------------------------------------------
Start Final Netlist Cleanup
---------------------------------------------------------------------------------
---------------------------------------------------------------------------------
Finished Final Netlist Cleanup
---------------------------------------------------------------------------------
---------------------------------------------------------------------------------
Finished IO Insertion : Time (s): cpu = 00:00:24 ; elapsed = 00:00:26 . Memory (MB): peak = 1399.586 ; gain = 541.926 ; free physical = 3619 ; free virtual = 13391
---------------------------------------------------------------------------------

Report Check Netlist: 
+------+------------------+-------+---------+-------+------------------+
|      |Item              |Errors |Warnings |Status |Description       |
+------+------------------+-------+---------+-------+------------------+
|1     |multi_driven_nets |      0|        0|Passed |Multi driven nets |
+------+------------------+-------+---------+-------+------------------+
---------------------------------------------------------------------------------
Start Renaming Generated Instances
---------------------------------------------------------------------------------
---------------------------------------------------------------------------------
Finished Renaming Generated Instances : Time (s): cpu = 00:00:24 ; elapsed = 00:00:26 . Memory (MB): peak = 1399.586 ; gain = 541.926 ; free physical = 3619 ; free virtual = 13391
---------------------------------------------------------------------------------

Report RTL Partitions: 
+-+--------------+------------+----------+
| |RTL Partition |Replication |Instances |
+-+--------------+------------+----------+
+-+--------------+------------+----------+
---------------------------------------------------------------------------------
Start Rebuilding User Hierarchy
---------------------------------------------------------------------------------
---------------------------------------------------------------------------------
Finished Rebuilding User Hierarchy : Time (s): cpu = 00:00:24 ; elapsed = 00:00:26 . Memory (MB): peak = 1399.586 ; gain = 541.926 ; free physical = 3619 ; free virtual = 13391
---------------------------------------------------------------------------------
---------------------------------------------------------------------------------
Start Renaming Generated Ports
---------------------------------------------------------------------------------
---------------------------------------------------------------------------------
Finished Renaming Generated Ports : Time (s): cpu = 00:00:24 ; elapsed = 00:00:26 . Memory (MB): peak = 1399.586 ; gain = 541.926 ; free physical = 3619 ; free virtual = 13391
---------------------------------------------------------------------------------
---------------------------------------------------------------------------------
Start Handling Custom Attributes
---------------------------------------------------------------------------------
---------------------------------------------------------------------------------
Finished Handling Custom Attributes : Time (s): cpu = 00:00:24 ; elapsed = 00:00:26 . Memory (MB): peak = 1399.586 ; gain = 541.926 ; free physical = 3619 ; free virtual = 13391
---------------------------------------------------------------------------------
---------------------------------------------------------------------------------
Start Renaming Generated Nets
---------------------------------------------------------------------------------
---------------------------------------------------------------------------------
Finished Renaming Generated Nets : Time (s): cpu = 00:00:24 ; elapsed = 00:00:26 . Memory (MB): peak = 1399.586 ; gain = 541.926 ; free physical = 3619 ; free virtual = 13391
---------------------------------------------------------------------------------
---------------------------------------------------------------------------------
Start Writing Synthesis Report
---------------------------------------------------------------------------------

Report BlackBoxes: 
+-+--------------+----------+
| |BlackBox name |Instances |
+-+--------------+----------+
+-+--------------+----------+

Report Cell Usage: 
+------+-------+------+
|      |Cell   |Count |
+------+-------+------+
|1     |BUFG   |     1|
|2     |CARRY4 |     7|
|3     |LUT1   |    30|
|4     |LUT2   |     3|
|5     |LUT3   |     3|
|6     |LUT4   |     4|
|7     |LUT5   |     5|
|8     |LUT6   |     2|
|9     |FDRE   |    23|
|10    |FDSE   |    18|
|11    |IBUF   |     4|
|12    |OBUF   |     5|
+------+-------+------+

Report Instance Areas: 
+------+---------+----------------------------------+------+
|      |Instance |Module                            |Cells |
+------+---------+----------------------------------+------+
|1     |top      |                                  |   105|
|2     |  c      |counter                           |    10|
|3     |  d      |debouncer                         |     4|
|4     |  f1     |frequency_divider                 |     2|
|5     |  f2     |frequency_divider__parameterized0 |     4|
|6     |  f3     |frequency_divider__parameterized1 |     7|
|7     |  o      |onehertzfreq                      |    68|
+------+---------+----------------------------------+------+
---------------------------------------------------------------------------------
Finished Writing Synthesis Report : Time (s): cpu = 00:00:24 ; elapsed = 00:00:26 . Memory (MB): peak = 1399.586 ; gain = 541.926 ; free physical = 3619 ; free virtual = 13391
---------------------------------------------------------------------------------
Synthesis finished with 0 errors, 0 critical warnings and 0 warnings.
Synthesis Optimization Runtime : Time (s): cpu = 00:00:18 ; elapsed = 00:00:18 . Memory (MB): peak = 1399.586 ; gain = 113.391 ; free physical = 3619 ; free virtual = 13391
Synthesis Optimization Complete : Time (s): cpu = 00:00:24 ; elapsed = 00:00:26 . Memory (MB): peak = 1399.586 ; gain = 541.926 ; free physical = 3619 ; free virtual = 13391
INFO: [Project 1-571] Translating synthesized netlist
INFO: [Netlist 29-17] Analyzing 11 Unisim elements for replacement
INFO: [Netlist 29-28] Unisim Transformation completed in 0 CPU seconds
INFO: [Project 1-570] Preparing netlist for logic optimization
INFO: [Opt 31-138] Pushed 0 inverter(s) to 0 load pin(s).
INFO: [Project 1-111] Unisim Transformation Summary:
No Unisim elements were transformed.

INFO: [Common 17-83] Releasing license: Synthesis
29 Infos, 0 Warnings, 0 Critical Warnings and 0 Errors encountered.
synth_design completed successfully
synth_design: Time (s): cpu = 00:00:23 ; elapsed = 00:00:25 . Memory (MB): peak = 1399.586 ; gain = 470.594 ; free physical = 3620 ; free virtual = 13392
report_utilization: Time (s): cpu = 00:00:00.05 ; elapsed = 00:00:00.07 . Memory (MB): peak = 1431.602 ; gain = 0.000 ; free physical = 3619 ; free virtual = 13391
INFO: [Common 17-206] Exiting Vivado at Fri Sep  8 12:52:52 2017...
