Copyright 1986-2015 Xilinx, Inc. All Rights Reserved.
-----------------------------------------------------------------------------------------------------
| Tool Version : Vivado v.2015.4 (lin64) Build 1412921 Wed Nov 18 09:44:32 MST 2015
| Date         : Mon Oct 30 15:09:16 2017
| Host         : root running 64-bit elementary OS 0.4.1 Loki
| Command      : report_control_sets -verbose -file PWM_block_design_wrapper_control_sets_placed.rpt
| Design       : PWM_block_design_wrapper
| Device       : xc7z020
-----------------------------------------------------------------------------------------------------

Control Set Information

Table of Contents
-----------------
1. Summary
2. Flip-Flop Distribution
3. Detailed Control Set Information

1. Summary
----------

+-------------------------------------------------------------------+-------+
|                               Status                              | Count |
+-------------------------------------------------------------------+-------+
| Number of unique control sets                                     |    49 |
| Minimum Number of register sites lost to control set restrictions |    94 |
+-------------------------------------------------------------------+-------+


2. Flip-Flop Distribution
-------------------------

+--------------+-----------------------+------------------------+-----------------+--------------+
| Clock Enable | Synchronous Set/Reset | Asynchronous Set/Reset | Total Registers | Total Slices |
+--------------+-----------------------+------------------------+-----------------+--------------+
| No           | No                    | No                     |             110 |           35 |
| No           | No                    | Yes                    |               0 |            0 |
| No           | Yes                   | No                     |              96 |           28 |
| Yes          | No                    | No                     |             270 |           60 |
| Yes          | No                    | Yes                    |               0 |            0 |
| Yes          | Yes                   | No                     |             182 |           45 |
+--------------+-----------------------+------------------------+-----------------+--------------+


3. Detailed Control Set Information
-----------------------------------

+---------------------------------------------------------+--------------------------------------------------------------------------------------------------------------------------------------------------------------------------------------+-----------------------------------------------------------------------------------------------------------------------------------------------------------------+------------------+----------------+
|                       Clock Signal                      |                                                                                     Enable Signal                                                                                    |                                                                         Set/Reset Signal                                                                        | Slice Load Count | Bel Load Count |
+---------------------------------------------------------+--------------------------------------------------------------------------------------------------------------------------------------------------------------------------------------+-----------------------------------------------------------------------------------------------------------------------------------------------------------------+------------------+----------------+
|  PWM_block_design_i/processing_system7_0/inst/FCLK_CLK0 | PWM_block_design_i/processing_system7_0_axi_periph/s00_couplers/auto_pc/inst/gen_axilite.gen_b2s_conv.axilite_b2s/WR.b_channel_0/bid_fifo_0/bresp_push                               |                                                                                                                                                                 |                1 |              2 |
|  PWM_block_design_i/processing_system7_0/inst/FCLK_CLK0 | PWM_block_design_i/processing_system7_0_axi_periph/s00_couplers/auto_pc/inst/gen_axilite.gen_b2s_conv.axilite_b2s/WR.aw_channel_0/aw_cmd_fsm_0/axlen_cnt_reg[4]                      | PWM_block_design_i/processing_system7_0_axi_periph/s00_couplers/auto_pc/inst/gen_axilite.gen_b2s_conv.axilite_b2s/WR.aw_channel_0/aw_cmd_fsm_0/axlen_cnt_reg[7] |                1 |              4 |
|  PWM_block_design_i/processing_system7_0/inst/FCLK_CLK0 | PWM_block_design_i/processing_system7_0_axi_periph/s00_couplers/auto_pc/inst/gen_axilite.gen_b2s_conv.axilite_b2s/WR.aw_channel_0/aw_cmd_fsm_0/axlen_cnt_reg[4]                      |                                                                                                                                                                 |                2 |              4 |
|  PWM_block_design_i/processing_system7_0/inst/FCLK_CLK0 | PWM_block_design_i/processing_system7_0_axi_periph/s00_couplers/auto_pc/inst/gen_axilite.gen_b2s_conv.axilite_b2s/WR.aw_channel_0/aw_cmd_fsm_0/wrap_boundary_axaddr_r_reg[11]        |                                                                                                                                                                 |                2 |              4 |
|  PWM_block_design_i/processing_system7_0/inst/FCLK_CLK0 |                                                                                                                                                                                      | PWM_block_design_i/rst_processing_system7_0_100M/U0/EXT_LPF/lpf_int                                                                                             |                1 |              4 |
|  PWM_block_design_i/processing_system7_0/inst/FCLK_CLK0 | PWM_block_design_i/processing_system7_0_axi_periph/s00_couplers/auto_pc/inst/gen_axilite.gen_b2s_conv.axilite_b2s/WR.aw_channel_0/aw_cmd_fsm_0/E[0]                                  |                                                                                                                                                                 |                1 |              4 |
|  PWM_block_design_i/processing_system7_0/inst/FCLK_CLK0 | PWM_block_design_i/processing_system7_0_axi_periph/s00_couplers/auto_pc/inst/gen_axilite.gen_b2s_conv.axilite_b2s/WR.aw_channel_0/aw_cmd_fsm_0/axaddr_wrap_reg[0][0]                 |                                                                                                                                                                 |                1 |              4 |
|  PWM_block_design_i/processing_system7_0/inst/FCLK_CLK0 | PWM_block_design_i/processing_system7_0_axi_periph/s00_couplers/auto_pc/inst/gen_axilite.gen_b2s_conv.axilite_b2s/WR.aw_channel_0/cmd_translator_0/incr_cmd_0/axaddr_incr[0]_i_1_n_0 |                                                                                                                                                                 |                1 |              4 |
|  PWM_block_design_i/processing_system7_0/inst/FCLK_CLK0 | PWM_block_design_i/processing_system7_0_axi_periph/s00_couplers/auto_pc/inst/gen_axilite.gen_b2s_conv.axilite_b2s/RD.ar_channel_0/ar_cmd_fsm_0/axaddr_incr_reg[11]                   |                                                                                                                                                                 |                1 |              4 |
|  PWM_block_design_i/processing_system7_0/inst/FCLK_CLK0 | PWM_block_design_i/processing_system7_0_axi_periph/s00_couplers/auto_pc/inst/gen_axilite.gen_b2s_conv.axilite_b2s/RD.ar_channel_0/ar_cmd_fsm_0/axlen_cnt_reg[4]                      | PWM_block_design_i/processing_system7_0_axi_periph/s00_couplers/auto_pc/inst/gen_axilite.gen_b2s_conv.axilite_b2s/RD.ar_channel_0/ar_cmd_fsm_0/axlen_cnt_reg[7] |                1 |              4 |
|  PWM_block_design_i/processing_system7_0/inst/FCLK_CLK0 | PWM_block_design_i/processing_system7_0_axi_periph/s00_couplers/auto_pc/inst/gen_axilite.gen_b2s_conv.axilite_b2s/RD.ar_channel_0/ar_cmd_fsm_0/axlen_cnt_reg[4]                      |                                                                                                                                                                 |                2 |              4 |
|  PWM_block_design_i/processing_system7_0/inst/FCLK_CLK0 | PWM_block_design_i/processing_system7_0_axi_periph/s00_couplers/auto_pc/inst/gen_axilite.gen_b2s_conv.axilite_b2s/RD.ar_channel_0/ar_cmd_fsm_0/E[0]                                  |                                                                                                                                                                 |                2 |              4 |
|  PWM_block_design_i/processing_system7_0/inst/FCLK_CLK0 | PWM_block_design_i/processing_system7_0_axi_periph/s00_couplers/auto_pc/inst/gen_axilite.gen_b2s_conv.axilite_b2s/RD.ar_channel_0/ar_cmd_fsm_0/axaddr_wrap_reg[0][0]                 |                                                                                                                                                                 |                1 |              4 |
|  PWM_block_design_i/processing_system7_0/inst/FCLK_CLK0 | PWM_block_design_i/processing_system7_0_axi_periph/s00_couplers/auto_pc/inst/gen_axilite.gen_b2s_conv.axilite_b2s/RD.ar_channel_0/ar_cmd_fsm_0/axlen_cnt_reg[0]_0[0]                 |                                                                                                                                                                 |                2 |              4 |
|  PWM_block_design_i/processing_system7_0/inst/FCLK_CLK0 | PWM_block_design_i/rst_processing_system7_0_100M/U0/SEQ/seq_cnt_en                                                                                                                   | PWM_block_design_i/rst_processing_system7_0_100M/U0/SEQ/SEQ_COUNTER/clear                                                                                       |                1 |              6 |
|  PWM_block_design_i/processing_system7_0/inst/FCLK_CLK0 | PWM_block_design_i/ip_0/inst/ip_v1_0_S00_AXI_inst/slv_reg2[23]_i_1_n_0                                                                                                               | PWM_block_design_i/ip_0/inst/ip_v1_0_S00_AXI_inst/axi_awready_i_1_n_0                                                                                           |                2 |              8 |
|  PWM_block_design_i/processing_system7_0/inst/FCLK_CLK0 | PWM_block_design_i/processing_system7_0_axi_periph/s00_couplers/auto_pc/inst/gen_axilite.gen_b2s_conv.axilite_b2s/WR.b_channel_0/mhandshake_r                                        | PWM_block_design_i/processing_system7_0_axi_periph/s00_couplers/auto_pc/inst/gen_axilite.gen_b2s_conv.axilite_b2s/WR.b_channel_0/bid_fifo_0/SR[0]               |                2 |              8 |
|  PWM_block_design_i/processing_system7_0/inst/FCLK_CLK0 |                                                                                                                                                                                      | PWM_block_design_i/processing_system7_0_axi_periph/s00_couplers/auto_pc/inst/gen_axilite.gen_b2s_conv.axilite_b2s/SI_REG/r_pipe/SR[0]                           |                3 |              8 |
|  PWM_block_design_i/processing_system7_0/inst/FCLK_CLK0 | PWM_block_design_i/ip_0/inst/ip_v1_0_S00_AXI_inst/slv_reg0[15]_i_1_n_0                                                                                                               | PWM_block_design_i/ip_0/inst/ip_v1_0_S00_AXI_inst/axi_awready_i_1_n_0                                                                                           |                2 |              8 |
|  PWM_block_design_i/processing_system7_0/inst/FCLK_CLK0 | PWM_block_design_i/ip_0/inst/ip_v1_0_S00_AXI_inst/slv_reg0[23]_i_1_n_0                                                                                                               | PWM_block_design_i/ip_0/inst/ip_v1_0_S00_AXI_inst/axi_awready_i_1_n_0                                                                                           |                1 |              8 |
|  PWM_block_design_i/processing_system7_0/inst/FCLK_CLK0 | PWM_block_design_i/ip_0/inst/ip_v1_0_S00_AXI_inst/slv_reg0[31]_i_1_n_0                                                                                                               | PWM_block_design_i/ip_0/inst/ip_v1_0_S00_AXI_inst/axi_awready_i_1_n_0                                                                                           |                2 |              8 |
|  PWM_block_design_i/processing_system7_0/inst/FCLK_CLK0 | PWM_block_design_i/ip_0/inst/ip_v1_0_S00_AXI_inst/slv_reg0[7]_i_1_n_0                                                                                                                | PWM_block_design_i/ip_0/inst/ip_v1_0_S00_AXI_inst/axi_awready_i_1_n_0                                                                                           |                1 |              8 |
|  PWM_block_design_i/processing_system7_0/inst/FCLK_CLK0 | PWM_block_design_i/ip_0/inst/ip_v1_0_S00_AXI_inst/slv_reg1[15]_i_1_n_0                                                                                                               | PWM_block_design_i/ip_0/inst/ip_v1_0_S00_AXI_inst/axi_awready_i_1_n_0                                                                                           |                3 |              8 |
|  PWM_block_design_i/processing_system7_0/inst/FCLK_CLK0 | PWM_block_design_i/ip_0/inst/ip_v1_0_S00_AXI_inst/slv_reg1[23]_i_1_n_0                                                                                                               | PWM_block_design_i/ip_0/inst/ip_v1_0_S00_AXI_inst/axi_awready_i_1_n_0                                                                                           |                1 |              8 |
|  PWM_block_design_i/processing_system7_0/inst/FCLK_CLK0 | PWM_block_design_i/ip_0/inst/ip_v1_0_S00_AXI_inst/slv_reg1[31]_i_1_n_0                                                                                                               | PWM_block_design_i/ip_0/inst/ip_v1_0_S00_AXI_inst/axi_awready_i_1_n_0                                                                                           |                2 |              8 |
|  PWM_block_design_i/processing_system7_0/inst/FCLK_CLK0 | PWM_block_design_i/ip_0/inst/ip_v1_0_S00_AXI_inst/slv_reg2[15]_i_1_n_0                                                                                                               | PWM_block_design_i/ip_0/inst/ip_v1_0_S00_AXI_inst/axi_awready_i_1_n_0                                                                                           |                2 |              8 |
|  PWM_block_design_i/processing_system7_0/inst/FCLK_CLK0 | PWM_block_design_i/ip_0/inst/ip_v1_0_S00_AXI_inst/slv_reg3[7]_i_1_n_0                                                                                                                | PWM_block_design_i/ip_0/inst/ip_v1_0_S00_AXI_inst/axi_awready_i_1_n_0                                                                                           |                2 |              8 |
|  PWM_block_design_i/processing_system7_0/inst/FCLK_CLK0 | PWM_block_design_i/ip_0/inst/ip_v1_0_S00_AXI_inst/slv_reg3[31]_i_1_n_0                                                                                                               | PWM_block_design_i/ip_0/inst/ip_v1_0_S00_AXI_inst/axi_awready_i_1_n_0                                                                                           |                2 |              8 |
|  PWM_block_design_i/processing_system7_0/inst/FCLK_CLK0 | PWM_block_design_i/ip_0/inst/ip_v1_0_S00_AXI_inst/slv_reg3[23]_i_1_n_0                                                                                                               | PWM_block_design_i/ip_0/inst/ip_v1_0_S00_AXI_inst/axi_awready_i_1_n_0                                                                                           |                2 |              8 |
|  PWM_block_design_i/processing_system7_0/inst/FCLK_CLK0 | PWM_block_design_i/ip_0/inst/ip_v1_0_S00_AXI_inst/slv_reg3[15]_i_1_n_0                                                                                                               | PWM_block_design_i/ip_0/inst/ip_v1_0_S00_AXI_inst/axi_awready_i_1_n_0                                                                                           |                2 |              8 |
|  PWM_block_design_i/processing_system7_0/inst/FCLK_CLK0 | PWM_block_design_i/ip_0/inst/ip_v1_0_S00_AXI_inst/slv_reg2[31]_i_1_n_0                                                                                                               | PWM_block_design_i/ip_0/inst/ip_v1_0_S00_AXI_inst/axi_awready_i_1_n_0                                                                                           |                1 |              8 |
|  PWM_block_design_i/processing_system7_0/inst/FCLK_CLK0 | PWM_block_design_i/ip_0/inst/ip_v1_0_S00_AXI_inst/slv_reg2[7]_i_1_n_0                                                                                                                | PWM_block_design_i/ip_0/inst/ip_v1_0_S00_AXI_inst/axi_awready_i_1_n_0                                                                                           |                2 |              8 |
|  PWM_block_design_i/processing_system7_0/inst/FCLK_CLK0 | PWM_block_design_i/ip_0/inst/ip_v1_0_S00_AXI_inst/slv_reg1[7]_i_1_n_0                                                                                                                | PWM_block_design_i/ip_0/inst/ip_v1_0_S00_AXI_inst/axi_awready_i_1_n_0                                                                                           |                3 |              8 |
|  PWM_block_design_i/processing_system7_0/inst/FCLK_CLK0 |                                                                                                                                                                                      | PWM_block_design_i/ip_0/inst/ip_v1_0_S00_AXI_inst/axi_awready_i_1_n_0                                                                                           |                3 |              9 |
|  PWM_block_design_i/processing_system7_0/inst/FCLK_CLK0 | PWM_block_design_i/processing_system7_0_axi_periph/s00_couplers/auto_pc/inst/gen_axilite.gen_b2s_conv.axilite_b2s/RD.r_channel_0/r_push_r                                            |                                                                                                                                                                 |                4 |             13 |
|  PWM_block_design_i/processing_system7_0/inst/FCLK_CLK0 | PWM_block_design_i/processing_system7_0_axi_periph/s00_couplers/auto_pc/inst/gen_axilite.gen_b2s_conv.axilite_b2s/SI_REG/b_pipe/p_1_in                                               |                                                                                                                                                                 |                3 |             14 |
|  PWM_block_design_i/processing_system7_0/inst/FCLK_CLK0 | PWM_block_design_i/processing_system7_0_axi_periph/s00_couplers/auto_pc/inst/gen_axilite.gen_b2s_conv.axilite_b2s/SI_REG/b_pipe/skid_buffer_reg[0]_0                                 |                                                                                                                                                                 |                4 |             14 |
|  PWM_block_design_i/processing_system7_0/inst/FCLK_CLK0 |                                                                                                                                                                                      | PWM_block_design_i/ip_0/inst/ip_v1_0_S00_AXI_inst/clear                                                                                                         |                4 |             16 |
|  PWM_block_design_i/processing_system7_0/inst/FCLK_CLK0 | PWM_block_design_i/processing_system7_0_axi_periph/s00_couplers/auto_pc/inst/gen_axilite.gen_b2s_conv.axilite_b2s/WR.aw_channel_0/aw_cmd_fsm_0/b_push                                |                                                                                                                                                                 |                5 |             20 |
|  PWM_block_design_i/processing_system7_0/inst/FCLK_CLK0 | PWM_block_design_i/processing_system7_0_axi_periph/s00_couplers/auto_pc/inst/gen_axilite.gen_b2s_conv.axilite_b2s/WR.aw_channel_0/aw_cmd_fsm_0/m_payload_i_reg[0][0]                 |                                                                                                                                                                 |                5 |             27 |
|  PWM_block_design_i/processing_system7_0/inst/FCLK_CLK0 | PWM_block_design_i/processing_system7_0_axi_periph/s00_couplers/auto_pc/inst/gen_axilite.gen_b2s_conv.axilite_b2s/SI_REG/ar_pipe/skid_buffer_reg[0]_0                                |                                                                                                                                                                 |                6 |             27 |
|  PWM_block_design_i/processing_system7_0/inst/FCLK_CLK0 | PWM_block_design_i/processing_system7_0_axi_periph/s00_couplers/auto_pc/inst/gen_axilite.gen_b2s_conv.axilite_b2s/SI_REG/aw_pipe/skid_buffer_reg[0]_0                                |                                                                                                                                                                 |                5 |             27 |
|  PWM_block_design_i/processing_system7_0/inst/FCLK_CLK0 | PWM_block_design_i/processing_system7_0_axi_periph/s00_couplers/auto_pc/inst/gen_axilite.gen_b2s_conv.axilite_b2s/RD.ar_channel_0/ar_cmd_fsm_0/m_payload_i_reg[0]_1[0]               |                                                                                                                                                                 |                5 |             27 |
|  PWM_block_design_i/processing_system7_0/inst/FCLK_CLK0 | PWM_block_design_i/ip_0/inst/ip_v1_0_S00_AXI_inst/slv_reg_rden                                                                                                                       | PWM_block_design_i/ip_0/inst/ip_v1_0_S00_AXI_inst/axi_awready_i_1_n_0                                                                                           |               10 |             32 |
|  PWM_block_design_i/processing_system7_0/inst/FCLK_CLK0 | PWM_block_design_i/processing_system7_0_axi_periph/s00_couplers/auto_pc/inst/gen_axilite.gen_b2s_conv.axilite_b2s/RD.r_channel_0/rd_data_fifo_0/wr_en0                               |                                                                                                                                                                 |               10 |             34 |
|  PWM_block_design_i/processing_system7_0/inst/FCLK_CLK0 | PWM_block_design_i/processing_system7_0_axi_periph/s00_couplers/auto_pc/inst/gen_axilite.gen_b2s_conv.axilite_b2s/SI_REG/r_pipe/skid_buffer_reg[0]_0                                 |                                                                                                                                                                 |                9 |             47 |
|  PWM_block_design_i/processing_system7_0/inst/FCLK_CLK0 | PWM_block_design_i/processing_system7_0_axi_periph/s00_couplers/auto_pc/inst/gen_axilite.gen_b2s_conv.axilite_b2s/SI_REG/r_pipe/p_1_in                                               |                                                                                                                                                                 |                8 |             47 |
|  PWM_block_design_i/processing_system7_0/inst/FCLK_CLK0 |                                                                                                                                                                                      | PWM_block_design_i/processing_system7_0_axi_periph/s00_couplers/auto_pc/inst/gen_axilite.gen_b2s_conv.axilite_b2s/areset_d1                                     |               17 |             59 |
|  PWM_block_design_i/processing_system7_0/inst/FCLK_CLK0 |                                                                                                                                                                                      |                                                                                                                                                                 |               36 |            111 |
+---------------------------------------------------------+--------------------------------------------------------------------------------------------------------------------------------------------------------------------------------------+-----------------------------------------------------------------------------------------------------------------------------------------------------------------+------------------+----------------+


