15:50:24 INFO  : Launching XSDB server: xsdb -n /opt/Xilinx/SDK/2015.4/scripts/xsdb/xsdb/xsdb-server.tcl
15:50:34 INFO  : XSDB server has started successfully.
15:50:35 INFO  : Processing command line option -hwspec /home/shubhang/eldlabs/lab9/lab9.sdk/system_wrapper.hdf.
15:52:21 INFO  : Launching XSDB server: xsdb -n /opt/Xilinx/SDK/2015.4/scripts/xsdb/xsdb/xsdb-server.tcl
15:52:22 INFO  : XSDB server has started successfully.
15:52:26 INFO  : Processing command line option -hwspec /home/shubhang/eldlabs/lab9/lab9.sdk/system_wrapper.hdf.
15:52:27 INFO  : Checking for hwspec changes in the project system_wrapper_hw_platform_0.
16:03:30 ERROR : Unexpected Exception while launch bash shell: {}
java.io.IOException: Cannot run program "xterm" (in directory "/home/shubhang/eldlabs/lab9/lab9.sdk"): error=2, No such file or directory
	at java.lang.ProcessBuilder.start(ProcessBuilder.java:1048)
	at com.xilinx.sdk.xbash.OpenXBashHandler$1.run(OpenXBashHandler.java:73)
	at org.eclipse.swt.widgets.RunnableLock.run(RunnableLock.java:35)
	at org.eclipse.swt.widgets.Synchronizer.runAsyncMessages(Synchronizer.java:135)
	at org.eclipse.swt.widgets.Display.runAsyncMessages(Display.java:3717)
	at org.eclipse.swt.widgets.Display.readAndDispatch(Display.java:3366)
	at org.eclipse.e4.ui.internal.workbench.swt.PartRenderingEngine$9.run(PartRenderingEngine.java:1113)
	at org.eclipse.core.databinding.observable.Realm.runWithDefault(Realm.java:332)
	at org.eclipse.e4.ui.internal.workbench.swt.PartRenderingEngine.run(PartRenderingEngine.java:997)
	at org.eclipse.e4.ui.internal.workbench.E4Workbench.createAndRunUI(E4Workbench.java:140)
	at org.eclipse.ui.internal.Workbench$5.run(Workbench.java:611)
	at org.eclipse.core.databinding.observable.Realm.runWithDefault(Realm.java:332)
	at org.eclipse.ui.internal.Workbench.createAndRunWorkbench(Workbench.java:567)
	at org.eclipse.ui.PlatformUI.createAndRunWorkbench(PlatformUI.java:150)
	at org.eclipse.ui.internal.ide.application.IDEApplication.start(IDEApplication.java:124)
	at org.eclipse.equinox.internal.app.EclipseAppHandle.run(EclipseAppHandle.java:196)
	at org.eclipse.core.runtime.internal.adaptor.EclipseAppLauncher.runApplication(EclipseAppLauncher.java:110)
	at org.eclipse.core.runtime.internal.adaptor.EclipseAppLauncher.start(EclipseAppLauncher.java:79)
	at org.eclipse.core.runtime.adaptor.EclipseStarter.run(EclipseStarter.java:354)
	at org.eclipse.core.runtime.adaptor.EclipseStarter.run(EclipseStarter.java:181)
	at sun.reflect.NativeMethodAccessorImpl.invoke0(Native Method)
	at sun.reflect.NativeMethodAccessorImpl.invoke(NativeMethodAccessorImpl.java:62)
	at sun.reflect.DelegatingMethodAccessorImpl.invoke(DelegatingMethodAccessorImpl.java:43)
	at java.lang.reflect.Method.invoke(Method.java:497)
	at org.eclipse.equinox.launcher.Main.invokeFramework(Main.java:636)
	at org.eclipse.equinox.launcher.Main.basicRun(Main.java:591)
	at org.eclipse.equinox.launcher.Main.run(Main.java:1450)
	at org.eclipse.equinox.launcher.Main.main(Main.java:1426)
Caused by: java.io.IOException: error=2, No such file or directory
	at java.lang.UNIXProcess.forkAndExec(Native Method)
	at java.lang.UNIXProcess.<init>(UNIXProcess.java:248)
	at java.lang.ProcessImpl.start(ProcessImpl.java:134)
	at java.lang.ProcessBuilder.start(ProcessBuilder.java:1029)
	... 27 more
16:03:30 ERROR : Unexpected Exception while launch bash shell: {}
java.io.IOException: Cannot run program "xterm" (in directory "/home/shubhang/eldlabs/lab9/lab9.sdk"): error=2, No such file or directory
	at java.lang.ProcessBuilder.start(ProcessBuilder.java:1048)
	at com.xilinx.sdk.xbash.OpenXBashHandler$1.run(OpenXBashHandler.java:73)
	at org.eclipse.swt.widgets.RunnableLock.run(RunnableLock.java:35)
	at org.eclipse.swt.widgets.Synchronizer.runAsyncMessages(Synchronizer.java:135)
	at org.eclipse.swt.widgets.Display.runAsyncMessages(Display.java:3717)
	at org.eclipse.swt.widgets.Display.readAndDispatch(Display.java:3366)
	at org.eclipse.e4.ui.internal.workbench.swt.PartRenderingEngine$9.run(PartRenderingEngine.java:1113)
	at org.eclipse.core.databinding.observable.Realm.runWithDefault(Realm.java:332)
	at org.eclipse.e4.ui.internal.workbench.swt.PartRenderingEngine.run(PartRenderingEngine.java:997)
	at org.eclipse.e4.ui.internal.workbench.E4Workbench.createAndRunUI(E4Workbench.java:140)
	at org.eclipse.ui.internal.Workbench$5.run(Workbench.java:611)
	at org.eclipse.core.databinding.observable.Realm.runWithDefault(Realm.java:332)
	at org.eclipse.ui.internal.Workbench.createAndRunWorkbench(Workbench.java:567)
	at org.eclipse.ui.PlatformUI.createAndRunWorkbench(PlatformUI.java:150)
	at org.eclipse.ui.internal.ide.application.IDEApplication.start(IDEApplication.java:124)
	at org.eclipse.equinox.internal.app.EclipseAppHandle.run(EclipseAppHandle.java:196)
	at org.eclipse.core.runtime.internal.adaptor.EclipseAppLauncher.runApplication(EclipseAppLauncher.java:110)
	at org.eclipse.core.runtime.internal.adaptor.EclipseAppLauncher.start(EclipseAppLauncher.java:79)
	at org.eclipse.core.runtime.adaptor.EclipseStarter.run(EclipseStarter.java:354)
	at org.eclipse.core.runtime.adaptor.EclipseStarter.run(EclipseStarter.java:181)
	at sun.reflect.NativeMethodAccessorImpl.invoke0(Native Method)
	at sun.reflect.NativeMethodAccessorImpl.invoke(NativeMethodAccessorImpl.java:62)
	at sun.reflect.DelegatingMethodAccessorImpl.invoke(DelegatingMethodAccessorImpl.java:43)
	at java.lang.reflect.Method.invoke(Method.java:497)
	at org.eclipse.equinox.launcher.Main.invokeFramework(Main.java:636)
	at org.eclipse.equinox.launcher.Main.basicRun(Main.java:591)
	at org.eclipse.equinox.launcher.Main.run(Main.java:1450)
	at org.eclipse.equinox.launcher.Main.main(Main.java:1426)
Caused by: java.io.IOException: error=2, No such file or directory
	at java.lang.UNIXProcess.forkAndExec(Native Method)
	at java.lang.UNIXProcess.<init>(UNIXProcess.java:248)
	at java.lang.ProcessImpl.start(ProcessImpl.java:134)
	at java.lang.ProcessBuilder.start(ProcessBuilder.java:1029)
	... 27 more
16:14:27 INFO  : Launching XSDB server: xsdb -n /opt/Xilinx/SDK/2015.4/scripts/xsdb/xsdb/xsdb-server.tcl
16:14:30 INFO  : XSDB server has started successfully.
16:14:36 INFO  : Processing command line option -hwspec /home/shubhang/eldlabs/lab9/lab9.sdk/system_wrapper.hdf.
16:14:36 INFO  : Checking for hwspec changes in the project system_wrapper_hw_platform_0.
16:20:00 INFO  : Launching XSDB server: xsdb -n /opt/Xilinx/SDK/2015.4/scripts/xsdb/xsdb/xsdb-server.tcl
16:20:01 INFO  : XSDB server has started successfully.
16:20:01 INFO  : Processing command line option -hwspec /home/shubhang/eldlabs/lab9/lab9.sdk/system_wrapper.hdf.
16:20:01 INFO  : Checking for hwspec changes in the project system_wrapper_hw_platform_0.
16:25:30 INFO  : Launching XSDB server: xsdb -n /opt/Xilinx/SDK/2015.4/scripts/xsdb/xsdb/xsdb-server.tcl
16:25:31 INFO  : XSDB server has started successfully.
16:25:32 INFO  : Processing command line option -hwspec /home/shubhang/eldlabs/lab9/lab9.sdk/system_wrapper.hdf.
16:25:32 INFO  : Checking for hwspec changes in the project system_wrapper_hw_platform_0.
16:27:54 INFO  : Connected to target on host '127.0.0.1' and port '3121'.
16:33:53 INFO  : Connected to target on host '127.0.0.1' and port '3121'.
16:33:53 INFO  : 'targets -set -filter {jtag_cable_name =~ "Digilent Zed 210248722395" && level==0} -index 1' command is executed.
16:33:56 INFO  : FPGA configured successfully with bitstream "/home/shubhang/eldlabs/lab9/lab9.sdk/system_wrapper_hw_platform_0/system_wrapper.bit"
16:39:49 INFO  : Connected to target on host '127.0.0.1' and port '3121'.
16:39:49 INFO  : 'targets -set -filter {jtag_cable_name =~ "Digilent Zed 210248722395" && level==0} -index 1' command is executed.
16:39:52 INFO  : FPGA configured successfully with bitstream "/home/shubhang/eldlabs/lab9/lab9.sdk/system_wrapper_hw_platform_0/system_wrapper.bit"
16:40:16 ERROR : Unexpected error while launching program.
java.lang.RuntimeException: The program file specified in the launch configuration does not exist
	at com.xilinx.sdk.debug.core.XilinxAppLaunchConfigurationDelegate.runApplication(XilinxAppLaunchConfigurationDelegate.java:580)
	at com.xilinx.sdk.debug.core.XilinxAppLaunchConfigurationDelegate.launch(XilinxAppLaunchConfigurationDelegate.java:309)
	at com.xilinx.sdk.debug.ui.XilinxAppLaunchDelegateWrapper.launch(XilinxAppLaunchDelegateWrapper.java:31)
	at org.eclipse.debug.internal.core.LaunchConfiguration.launch(LaunchConfiguration.java:858)
	at org.eclipse.debug.internal.core.LaunchConfiguration.launch(LaunchConfiguration.java:707)
	at org.eclipse.debug.internal.ui.DebugUIPlugin.buildAndLaunch(DebugUIPlugin.java:1018)
	at org.eclipse.debug.internal.ui.DebugUIPlugin$8.run(DebugUIPlugin.java:1222)
	at org.eclipse.core.internal.jobs.Worker.run(Worker.java:53)
16:47:19 INFO  : Connected to target on host '127.0.0.1' and port '3121'.
16:47:20 INFO  : 'targets -set -filter {jtag_cable_name =~ "Digilent Zed 210248722395" && level==0} -index 1' command is executed.
16:47:22 INFO  : FPGA configured successfully with bitstream "/home/shubhang/eldlabs/lab9/lab9.sdk/system_wrapper_hw_platform_0/system_wrapper.bit"
16:48:22 INFO  : ps7_init is completed.
16:48:22 INFO  : ps7_post_config is completed.
16:48:23 INFO  : Processor reset is completed for ps7_cortexa9_0
16:58:57 INFO  : Launching XSDB server: xsdb -n /opt/Xilinx/SDK/2015.4/scripts/xsdb/xsdb/xsdb-server.tcl
16:58:58 INFO  : XSDB server has started successfully.
16:58:58 INFO  : Processing command line option -hwspec /home/shubhang/eldlabs/lab9/lab9.sdk/system_wrapper.hdf.
16:58:59 INFO  : Checking for hwspec changes in the project system_wrapper_hw_platform_0.
