Copyright 1986-2015 Xilinx, Inc. All Rights Reserved.
------------------------------------------------------------------------------------
| Tool Version : Vivado v.2015.4 (lin64) Build 1412921 Wed Nov 18 09:44:32 MST 2015
| Date         : Thu Oct 26 21:51:47 2017
| Host         : root running 64-bit elementary OS 0.4.1 Loki
| Command      : report_control_sets -verbose -file top_control_sets_placed.rpt
| Design       : top
| Device       : xc7a35t
------------------------------------------------------------------------------------

Control Set Information

Table of Contents
-----------------
1. Summary
2. Flip-Flop Distribution
3. Detailed Control Set Information

1. Summary
----------

+-------------------------------------------------------------------+-------+
|                               Status                              | Count |
+-------------------------------------------------------------------+-------+
| Number of unique control sets                                     |     6 |
| Minimum Number of register sites lost to control set restrictions |    23 |
+-------------------------------------------------------------------+-------+


2. Flip-Flop Distribution
-------------------------

+--------------+-----------------------+------------------------+-----------------+--------------+
| Clock Enable | Synchronous Set/Reset | Asynchronous Set/Reset | Total Registers | Total Slices |
+--------------+-----------------------+------------------------+-----------------+--------------+
| No           | No                    | No                     |              48 |           17 |
| No           | No                    | Yes                    |              15 |            4 |
| No           | Yes                   | No                     |               6 |            3 |
| Yes          | No                    | No                     |               4 |            3 |
| Yes          | No                    | Yes                    |               0 |            0 |
| Yes          | Yes                   | No                     |               0 |            0 |
+--------------+-----------------------+------------------------+-----------------+--------------+


3. Detailed Control Set Information
-----------------------------------

+------------------+----------------------+------------------------+------------------+----------------+
|   Clock Signal   |     Enable Signal    |    Set/Reset Signal    | Slice Load Count | Bel Load Count |
+------------------+----------------------+------------------------+------------------+----------------+
|  f1/out[0]       |                      | d/clear_debounced      |                1 |              3 |
|  clock_IBUF_BUFG | c0/column[3]_i_1_n_0 |                        |                3 |              4 |
|  clock_IBUF_BUFG |                      | c0/counter[19]_i_1_n_0 |                3 |              6 |
|  f1/out[0]       |                      |                        |                4 |             11 |
|  puls/pulse      |                      | clear_IBUF             |                3 |             12 |
|  clock_IBUF_BUFG |                      |                        |               13 |             37 |
+------------------+----------------------+------------------------+------------------+----------------+


