Copyright 1986-2015 Xilinx, Inc. All Rights Reserved.
------------------------------------------------------------------------------------
| Tool Version : Vivado v.2015.4 (lin64) Build 1412921 Wed Nov 18 09:44:32 MST 2015
| Date         : Thu Sep 28 23:37:11 2017
| Host         : root running 64-bit elementary OS 0.4.1 Loki
| Command      : report_control_sets -verbose -file top_control_sets_placed.rpt
| Design       : top
| Device       : xc7a35t
------------------------------------------------------------------------------------

Control Set Information

Table of Contents
-----------------
1. Summary
2. Flip-Flop Distribution
3. Detailed Control Set Information

1. Summary
----------

+-------------------------------------------------------------------+-------+
|                               Status                              | Count |
+-------------------------------------------------------------------+-------+
| Number of unique control sets                                     |     4 |
| Minimum Number of register sites lost to control set restrictions |    17 |
+-------------------------------------------------------------------+-------+


2. Flip-Flop Distribution
-------------------------

+--------------+-----------------------+------------------------+-----------------+--------------+
| Clock Enable | Synchronous Set/Reset | Asynchronous Set/Reset | Total Registers | Total Slices |
+--------------+-----------------------+------------------------+-----------------+--------------+
| No           | No                    | No                     |              37 |           12 |
| No           | No                    | Yes                    |               0 |            0 |
| No           | Yes                   | No                     |              26 |            8 |
| Yes          | No                    | No                     |               0 |            0 |
| Yes          | No                    | Yes                    |               0 |            0 |
| Yes          | Yes                   | No                     |               0 |            0 |
+--------------+-----------------------+------------------------+-----------------+--------------+


3. Detailed Control Set Information
-----------------------------------

+---------------------+---------------+------------------+------------------+----------------+
|     Clock Signal    | Enable Signal | Set/Reset Signal | Slice Load Count | Bel Load Count |
+---------------------+---------------+------------------+------------------+----------------+
|  o/clock_out        |               |                  |                2 |              8 |
|  f1/out[0]          |               |                  |                4 |             10 |
|  clock_in_IBUF_BUFG |               |                  |                6 |             19 |
|  clock_in_IBUF_BUFG |               | o/clock_out_0    |                8 |             26 |
+---------------------+---------------+------------------+------------------+----------------+


