15:10:59 INFO  : Launching XSDB server: xsdb -n /opt/Xilinx/SDK/2015.4/scripts/xsdb/xsdb/xsdb-server.tcl
15:11:08 INFO  : XSDB server has started successfully.
15:11:10 INFO  : Processing command line option -hwspec /home/shubhang/eldlabs/lab10/lab10.sdk/PWM_block_design_wrapper.hdf.
15:14:43 INFO  : Connected to target on host '127.0.0.1' and port '3121'.
15:39:41 INFO  : Connected to target on host '127.0.0.1' and port '3121'.
15:49:00 INFO  : Launching XSDB server: xsdb -n /opt/Xilinx/SDK/2015.4/scripts/xsdb/xsdb/xsdb-server.tcl
15:49:01 INFO  : XSDB server has started successfully.
15:49:01 INFO  : Processing command line option -hwspec /home/shubhang/eldlabs/lab10/lab10.sdk/PWM_block_design_wrapper.hdf.
15:49:01 INFO  : Checking for hwspec changes in the project PWM_block_design_wrapper_hw_platform_0.
15:52:51 INFO  : Launching XSDB server: xsdb -n /opt/Xilinx/SDK/2015.4/scripts/xsdb/xsdb/xsdb-server.tcl
15:52:53 INFO  : XSDB server has started successfully.
15:52:53 INFO  : Processing command line option -hwspec /home/shubhang/eldlabs/lab10/lab10.sdk/PWM_block_design_wrapper.hdf.
15:52:53 INFO  : Checking for hwspec changes in the project PWM_block_design_wrapper_hw_platform_0.
15:53:02 INFO  : Connected to target on host '127.0.0.1' and port '3121'.
15:53:02 INFO  : 'targets -set -filter {jtag_cable_name =~ "Digilent Zed 210248722395" && level==0} -index 1' command is executed.
15:53:05 INFO  : FPGA configured successfully with bitstream "/home/shubhang/eldlabs/lab10/lab10.sdk/PWM_block_design_wrapper_hw_platform_0/PWM_block_design_wrapper.bit"
15:53:27 INFO  : ps7_init is completed.
15:53:27 INFO  : ps7_post_config is completed.
15:53:27 INFO  : Processor reset is completed for ps7_cortexa9_0
15:55:31 INFO  : ps7_cortexa9_0 Processor is in use. Please stop existing Run or Debug sessions before launching.
15:55:38 INFO  : Processor reset is completed for ps7_cortexa9_0
15:56:20 INFO  : ps7_cortexa9_0 Processor is in use. Please stop existing Run or Debug sessions before launching.
15:56:32 INFO  : ps7_cortexa9_0 Processor is in use. Please stop existing Run or Debug sessions before launching.
15:56:34 INFO  : Processor reset is completed for ps7_cortexa9_0
16:04:33 ERROR : Unexpected error while parsing XMD response ￿: com.google.gson.JsonSyntaxException: com.google.gson.stream.MalformedJsonException: invalid number or unquoted string near 
