Copyright 1986-2015 Xilinx, Inc. All Rights Reserved.
------------------------------------------------------------------------------------
| Tool Version : Vivado v.2015.4 (lin64) Build 1412921 Wed Nov 18 09:44:32 MST 2015
| Date         : Fri Sep  8 12:53:17 2017
| Host         : root running 64-bit elementary OS 0.4.1 Loki
| Command      : report_drc
------------------------------------------------------------------------------------

Report DRC

Table of Contents
-----------------
1. REPORT SUMMARY
2. REPORT DETAILS

1. REPORT SUMMARY
-----------------
            Netlist: netlist
          Floorplan: design_1
      Design limits: <entire design considered>
           Ruledeck: default
             Max violations: <unlimited>
             Violations found: 2

2. REPORT DETAILS
-----------------
PLHOLDVIO-2#1 Warning
Non-Optimal connections which could lead to hold violations  
A LUT f3/a_i_1 is driving clock pin of 8 cells. This could lead to large hold time violations. First few involved cells are:
    c/temp_reg[0] {FDRE}
    c/temp_reg[1] {FDRE}
    c/temp_reg[2] {FDRE}
    c/temp_reg[3] {FDRE}
    c/temp_reg[4] {FDRE}

Related violations: <none>

ZPS7-1#1 Warning
PS7 block required  
The PS7 cell must be used in this Zynq design in order to enable correct default configuration.
Related violations: <none>


