
*** Running vivado
    with args -log top.vds -m64 -mode batch -messageDb vivado.pb -notrace -source top.tcl


****** Vivado v2015.4 (64-bit)
  **** SW Build 1412921 on Wed Nov 18 09:44:32 MST 2015
  **** IP Build 1412160 on Tue Nov 17 13:47:24 MST 2015
    ** Copyright 1986-2015 Xilinx, Inc. All Rights Reserved.

source top.tcl -notrace
Command: synth_design -top top -part xc7a35tcpg236-1
Starting synth_design
Attempting to get a license for feature 'Synthesis' and/or device 'xc7a35t'
INFO: [Common 17-349] Got license for feature 'Synthesis' and/or device 'xc7a35t'
INFO: [Common 17-1223] The version limit for your license is '2016.11' and will expire in -353 days. A version limit expiration means that, although you may be able to continue to use the current version of tools or IP with this license, you will not be eligible for any updates or new releases.
---------------------------------------------------------------------------------
Starting RTL Elaboration : Time (s): cpu = 00:00:06 ; elapsed = 00:00:07 . Memory (MB): peak = 1051.418 ; gain = 193.762 ; free physical = 2545 ; free virtual = 13110
---------------------------------------------------------------------------------
INFO: [Synth 8-638] synthesizing module 'top' [/home/shubhang/ELD/endsemlab/endsemlab.srcs/sources_1/new/top.v:3]
INFO: [Synth 8-638] synthesizing module 'frequency_divider' [/home/shubhang/ELD/endsemlab/endsemlab.srcs/sources_1/new/frequency_divider.v:4]
	Parameter width bound to: 18 - type: integer 
INFO: [Synth 8-256] done synthesizing module 'frequency_divider' (1#1) [/home/shubhang/ELD/endsemlab/endsemlab.srcs/sources_1/new/frequency_divider.v:4]
INFO: [Synth 8-638] synthesizing module 'frequency_divider__parameterized0' [/home/shubhang/ELD/endsemlab/endsemlab.srcs/sources_1/new/frequency_divider.v:4]
	Parameter width bound to: 19 - type: integer 
INFO: [Synth 8-256] done synthesizing module 'frequency_divider__parameterized0' (1#1) [/home/shubhang/ELD/endsemlab/endsemlab.srcs/sources_1/new/frequency_divider.v:4]
INFO: [Synth 8-638] synthesizing module 'clock_pulse' [/home/shubhang/ELD/endsemlab/endsemlab.srcs/sources_1/new/clock_pulse.v:4]
INFO: [Synth 8-256] done synthesizing module 'clock_pulse' (2#1) [/home/shubhang/ELD/endsemlab/endsemlab.srcs/sources_1/new/clock_pulse.v:4]
INFO: [Synth 8-638] synthesizing module 'binarytobcd' [/home/shubhang/ELD/endsemlab/endsemlab.srcs/sources_1/new/binarytobcd.v:3]
INFO: [Synth 8-256] done synthesizing module 'binarytobcd' (3#1) [/home/shubhang/ELD/endsemlab/endsemlab.srcs/sources_1/new/binarytobcd.v:3]
WARNING: [Synth 8-689] width (1) of port connection 'hundreds' does not match port width (4) of module 'binarytobcd' [/home/shubhang/ELD/endsemlab/endsemlab.srcs/sources_1/new/top.v:79]
WARNING: [Synth 8-689] width (1) of port connection 'hundreds' does not match port width (4) of module 'binarytobcd' [/home/shubhang/ELD/endsemlab/endsemlab.srcs/sources_1/new/top.v:80]
INFO: [Synth 8-638] synthesizing module 'seven_seg_display' [/home/shubhang/ELD/endsemlab/endsemlab.srcs/sources_1/new/seven_seg_display.v:3]
INFO: [Synth 8-256] done synthesizing module 'seven_seg_display' (4#1) [/home/shubhang/ELD/endsemlab/endsemlab.srcs/sources_1/new/seven_seg_display.v:3]
INFO: [Synth 8-256] done synthesizing module 'top' (5#1) [/home/shubhang/ELD/endsemlab/endsemlab.srcs/sources_1/new/top.v:3]
---------------------------------------------------------------------------------
Finished RTL Elaboration : Time (s): cpu = 00:00:07 ; elapsed = 00:00:07 . Memory (MB): peak = 1090.793 ; gain = 233.137 ; free physical = 2504 ; free virtual = 13069
---------------------------------------------------------------------------------

Report Check Netlist: 
+------+------------------+-------+---------+-------+------------------+
|      |Item              |Errors |Warnings |Status |Description       |
+------+------------------+-------+---------+-------+------------------+
|1     |multi_driven_nets |      0|        0|Passed |Multi driven nets |
+------+------------------+-------+---------+-------+------------------+
---------------------------------------------------------------------------------
Finished RTL Optimization Phase 1 : Time (s): cpu = 00:00:07 ; elapsed = 00:00:08 . Memory (MB): peak = 1090.793 ; gain = 233.137 ; free physical = 2504 ; free virtual = 13069
---------------------------------------------------------------------------------
INFO: [Device 21-403] Loading part xc7a35tcpg236-1
INFO: [Project 1-570] Preparing netlist for logic optimization

Processing XDC Constraints
Initializing timing engine
Parsing XDC File [/home/shubhang/ELD/endsemlab/endsemlab.srcs/constrs_1/new/constraints.xdc]
Finished Parsing XDC File [/home/shubhang/ELD/endsemlab/endsemlab.srcs/constrs_1/new/constraints.xdc]
INFO: [Project 1-236] Implementation specific constraints were found while reading constraint file [/home/shubhang/ELD/endsemlab/endsemlab.srcs/constrs_1/new/constraints.xdc]. These constraints will be ignored for synthesis but will be used in implementation. Impacted constraints are listed in the file [.Xil/top_propImpl.xdc].
Resolution: To avoid this warning, move constraints listed in [.Xil/top_propImpl.xdc] to another XDC file and exclude this new file from synthesis with the used_in_synthesis property (File Properties dialog in GUI) and re-run elaboration/synthesis.
Completed Processing XDC Constraints

INFO: [Project 1-111] Unisim Transformation Summary:
No Unisim elements were transformed.

Constraint Validation Runtime : Time (s): cpu = 00:00:00 ; elapsed = 00:00:00 . Memory (MB): peak = 1373.988 ; gain = 0.000 ; free physical = 2349 ; free virtual = 12906
INFO: Launching helper process for spawning children vivado processes
INFO: Helper process launched with PID 26488 
---------------------------------------------------------------------------------
Finished Constraint Validation : Time (s): cpu = 00:00:14 ; elapsed = 00:00:15 . Memory (MB): peak = 1373.988 ; gain = 516.332 ; free physical = 2346 ; free virtual = 12903
---------------------------------------------------------------------------------
---------------------------------------------------------------------------------
Start Loading Part and Timing Information
---------------------------------------------------------------------------------
Loading part: xc7a35tcpg236-1
---------------------------------------------------------------------------------
Finished Loading Part and Timing Information : Time (s): cpu = 00:00:14 ; elapsed = 00:00:15 . Memory (MB): peak = 1373.988 ; gain = 516.332 ; free physical = 2346 ; free virtual = 12903
---------------------------------------------------------------------------------
---------------------------------------------------------------------------------
Start Applying 'set_property' XDC Constraints
---------------------------------------------------------------------------------
---------------------------------------------------------------------------------
Finished applying 'set_property' XDC Constraints : Time (s): cpu = 00:00:14 ; elapsed = 00:00:15 . Memory (MB): peak = 1373.988 ; gain = 516.332 ; free physical = 2346 ; free virtual = 12903
---------------------------------------------------------------------------------
---------------------------------------------------------------------------------
Finished RTL Optimization Phase 2 : Time (s): cpu = 00:00:14 ; elapsed = 00:00:15 . Memory (MB): peak = 1373.988 ; gain = 516.332 ; free physical = 2337 ; free virtual = 12894
---------------------------------------------------------------------------------

Report RTL Partitions: 
+-+--------------+------------+----------+
| |RTL Partition |Replication |Instances |
+-+--------------+------------+----------+
+-+--------------+------------+----------+
---------------------------------------------------------------------------------
Start RTL Component Statistics 
---------------------------------------------------------------------------------
Detailed RTL Component Info : 
+---Adders : 
	   2 Input      7 Bit       Adders := 2     
	   2 Input      4 Bit       Adders := 26    
+---Registers : 
	                8 Bit    Registers := 1     
	                7 Bit    Registers := 2     
	                4 Bit    Registers := 2     
	                1 Bit    Registers := 8     
+---Muxes : 
	   4 Input      8 Bit        Muxes := 1     
	   2 Input      8 Bit        Muxes := 1     
	  11 Input      7 Bit        Muxes := 4     
	   2 Input      4 Bit        Muxes := 15    
	   4 Input      4 Bit        Muxes := 1     
	   4 Input      2 Bit        Muxes := 1     
	   2 Input      1 Bit        Muxes := 1     
---------------------------------------------------------------------------------
Finished RTL Component Statistics 
---------------------------------------------------------------------------------
---------------------------------------------------------------------------------
Start RTL Hierarchical Component Statistics 
---------------------------------------------------------------------------------
Hierarchical RTL Component report 
Module top 
Detailed RTL Component Info : 
+---Adders : 
	   2 Input      7 Bit       Adders := 2     
	   2 Input      4 Bit       Adders := 2     
+---Registers : 
	                8 Bit    Registers := 1     
	                7 Bit    Registers := 2     
	                4 Bit    Registers := 2     
	                1 Bit    Registers := 5     
+---Muxes : 
	   4 Input      8 Bit        Muxes := 1     
	   2 Input      8 Bit        Muxes := 1     
	   2 Input      4 Bit        Muxes := 1     
	   4 Input      4 Bit        Muxes := 1     
	   4 Input      2 Bit        Muxes := 1     
	   2 Input      1 Bit        Muxes := 1     
Module clock_pulse 
Detailed RTL Component Info : 
+---Registers : 
	                1 Bit    Registers := 3     
Module binarytobcd 
Detailed RTL Component Info : 
+---Adders : 
	   2 Input      4 Bit       Adders := 12    
+---Muxes : 
	   2 Input      4 Bit        Muxes := 7     
Module seven_seg_display 
Detailed RTL Component Info : 
+---Muxes : 
	  11 Input      7 Bit        Muxes := 1     
---------------------------------------------------------------------------------
Finished RTL Hierarchical Component Statistics
---------------------------------------------------------------------------------
---------------------------------------------------------------------------------
Start Part Resource Summary
---------------------------------------------------------------------------------
Part Resources:
DSPs: 90 (col length:60)
BRAMs: 100 (col length: RAMB18 60 RAMB36 30)
---------------------------------------------------------------------------------
Finished Part Resource Summary
---------------------------------------------------------------------------------
Start Parallel Synthesis Optimization  : Time (s): cpu = 00:00:14 ; elapsed = 00:00:15 . Memory (MB): peak = 1373.996 ; gain = 516.340 ; free physical = 2337 ; free virtual = 12894
---------------------------------------------------------------------------------
Start Cross Boundary Optimization
---------------------------------------------------------------------------------
INFO: [Synth 8-5544] ROM "p_1_out0" won't be mapped to Block RAM because address size (3) smaller than threshold (5)
---------------------------------------------------------------------------------
Finished Cross Boundary Optimization : Time (s): cpu = 00:00:15 ; elapsed = 00:00:15 . Memory (MB): peak = 1373.996 ; gain = 516.340 ; free physical = 2339 ; free virtual = 12896
---------------------------------------------------------------------------------
Finished Parallel Reinference  : Time (s): cpu = 00:00:15 ; elapsed = 00:00:15 . Memory (MB): peak = 1373.996 ; gain = 516.340 ; free physical = 2339 ; free virtual = 12896

Report RTL Partitions: 
+-+--------------+------------+----------+
| |RTL Partition |Replication |Instances |
+-+--------------+------------+----------+
+-+--------------+------------+----------+
---------------------------------------------------------------------------------
Start Area Optimization
---------------------------------------------------------------------------------
INFO: [Synth 8-3333] propagating constant 1 across sequential element (\boardcathode_reg[0] )
WARNING: [Synth 8-3332] Sequential element (\boardcathode_reg[0] ) is unused and will be removed from module top.
---------------------------------------------------------------------------------
Finished Area Optimization : Time (s): cpu = 00:00:16 ; elapsed = 00:00:17 . Memory (MB): peak = 1373.996 ; gain = 516.340 ; free physical = 2323 ; free virtual = 12880
---------------------------------------------------------------------------------
Finished Parallel Area Optimization  : Time (s): cpu = 00:00:16 ; elapsed = 00:00:17 . Memory (MB): peak = 1373.996 ; gain = 516.340 ; free physical = 2323 ; free virtual = 12880

Report RTL Partitions: 
+-+--------------+------------+----------+
| |RTL Partition |Replication |Instances |
+-+--------------+------------+----------+
+-+--------------+------------+----------+
---------------------------------------------------------------------------------
Start Timing Optimization
---------------------------------------------------------------------------------
---------------------------------------------------------------------------------
Start Applying XDC Timing Constraints
---------------------------------------------------------------------------------
---------------------------------------------------------------------------------
Finished Applying XDC Timing Constraints : Time (s): cpu = 00:00:24 ; elapsed = 00:00:24 . Memory (MB): peak = 1373.996 ; gain = 516.340 ; free physical = 2282 ; free virtual = 12838
---------------------------------------------------------------------------------
---------------------------------------------------------------------------------
Finished Timing Optimization : Time (s): cpu = 00:00:24 ; elapsed = 00:00:24 . Memory (MB): peak = 1373.996 ; gain = 516.340 ; free physical = 2282 ; free virtual = 12838
---------------------------------------------------------------------------------

Report RTL Partitions: 
+-+--------------+------------+----------+
| |RTL Partition |Replication |Instances |
+-+--------------+------------+----------+
+-+--------------+------------+----------+
---------------------------------------------------------------------------------
Start Technology Mapping
---------------------------------------------------------------------------------
---------------------------------------------------------------------------------
Finished Technology Mapping : Time (s): cpu = 00:00:24 ; elapsed = 00:00:25 . Memory (MB): peak = 1390.004 ; gain = 532.348 ; free physical = 2263 ; free virtual = 12819
---------------------------------------------------------------------------------
Finished Parallel Technology Mapping Optimization  : Time (s): cpu = 00:00:24 ; elapsed = 00:00:25 . Memory (MB): peak = 1390.004 ; gain = 532.348 ; free physical = 2263 ; free virtual = 12819

Report RTL Partitions: 
+-+--------------+------------+----------+
| |RTL Partition |Replication |Instances |
+-+--------------+------------+----------+
+-+--------------+------------+----------+
Finished Parallel Synthesis Optimization  : Time (s): cpu = 00:00:24 ; elapsed = 00:00:25 . Memory (MB): peak = 1390.004 ; gain = 532.348 ; free physical = 2263 ; free virtual = 12819
---------------------------------------------------------------------------------
Start IO Insertion
---------------------------------------------------------------------------------
---------------------------------------------------------------------------------
Start Flattening Before IO Insertion
---------------------------------------------------------------------------------
---------------------------------------------------------------------------------
Finished Flattening Before IO Insertion
---------------------------------------------------------------------------------
---------------------------------------------------------------------------------
Start Final Netlist Cleanup
---------------------------------------------------------------------------------
---------------------------------------------------------------------------------
Finished Final Netlist Cleanup
---------------------------------------------------------------------------------
---------------------------------------------------------------------------------
Finished IO Insertion : Time (s): cpu = 00:00:24 ; elapsed = 00:00:25 . Memory (MB): peak = 1390.004 ; gain = 532.348 ; free physical = 2263 ; free virtual = 12819
---------------------------------------------------------------------------------

Report Check Netlist: 
+------+------------------+-------+---------+-------+------------------+
|      |Item              |Errors |Warnings |Status |Description       |
+------+------------------+-------+---------+-------+------------------+
|1     |multi_driven_nets |      0|        0|Passed |Multi driven nets |
+------+------------------+-------+---------+-------+------------------+
---------------------------------------------------------------------------------
Start Renaming Generated Instances
---------------------------------------------------------------------------------
---------------------------------------------------------------------------------
Finished Renaming Generated Instances : Time (s): cpu = 00:00:24 ; elapsed = 00:00:25 . Memory (MB): peak = 1390.004 ; gain = 532.348 ; free physical = 2263 ; free virtual = 12819
---------------------------------------------------------------------------------

Report RTL Partitions: 
+-+--------------+------------+----------+
| |RTL Partition |Replication |Instances |
+-+--------------+------------+----------+
+-+--------------+------------+----------+
---------------------------------------------------------------------------------
Start Rebuilding User Hierarchy
---------------------------------------------------------------------------------
---------------------------------------------------------------------------------
Finished Rebuilding User Hierarchy : Time (s): cpu = 00:00:24 ; elapsed = 00:00:25 . Memory (MB): peak = 1390.004 ; gain = 532.348 ; free physical = 2263 ; free virtual = 12819
---------------------------------------------------------------------------------
---------------------------------------------------------------------------------
Start Renaming Generated Ports
---------------------------------------------------------------------------------
---------------------------------------------------------------------------------
Finished Renaming Generated Ports : Time (s): cpu = 00:00:24 ; elapsed = 00:00:25 . Memory (MB): peak = 1390.004 ; gain = 532.348 ; free physical = 2263 ; free virtual = 12819
---------------------------------------------------------------------------------
---------------------------------------------------------------------------------
Start Handling Custom Attributes
---------------------------------------------------------------------------------
---------------------------------------------------------------------------------
Finished Handling Custom Attributes : Time (s): cpu = 00:00:24 ; elapsed = 00:00:25 . Memory (MB): peak = 1390.004 ; gain = 532.348 ; free physical = 2263 ; free virtual = 12819
---------------------------------------------------------------------------------
---------------------------------------------------------------------------------
Start Renaming Generated Nets
---------------------------------------------------------------------------------
---------------------------------------------------------------------------------
Finished Renaming Generated Nets : Time (s): cpu = 00:00:24 ; elapsed = 00:00:25 . Memory (MB): peak = 1390.004 ; gain = 532.348 ; free physical = 2263 ; free virtual = 12819
---------------------------------------------------------------------------------
---------------------------------------------------------------------------------
Start Writing Synthesis Report
---------------------------------------------------------------------------------

Report BlackBoxes: 
+-+--------------+----------+
| |BlackBox name |Instances |
+-+--------------+----------+
+-+--------------+----------+

Report Cell Usage: 
+------+-------+------+
|      |Cell   |Count |
+------+-------+------+
|1     |BUFG   |     1|
|2     |CARRY4 |    10|
|3     |LUT1   |    41|
|4     |LUT2   |     5|
|5     |LUT3   |     9|
|6     |LUT4   |    18|
|7     |LUT5   |    16|
|8     |LUT6   |    39|
|9     |FDCE   |    26|
|10    |FDRE   |    48|
|11    |IBUF   |     4|
|12    |OBUF   |    18|
+------+-------+------+

Report Instance Areas: 
+------+---------+----------------------------------+------+
|      |Instance |Module                            |Cells |
+------+---------+----------------------------------+------+
|1     |top      |                                  |   235|
|2     |  cp     |clock_pulse                       |     6|
|3     |  f      |frequency_divider                 |    41|
|4     |  f2     |frequency_divider__parameterized0 |    43|
+------+---------+----------------------------------+------+
---------------------------------------------------------------------------------
Finished Writing Synthesis Report : Time (s): cpu = 00:00:24 ; elapsed = 00:00:25 . Memory (MB): peak = 1390.004 ; gain = 532.348 ; free physical = 2263 ; free virtual = 12819
---------------------------------------------------------------------------------
Synthesis finished with 0 errors, 0 critical warnings and 1 warnings.
Synthesis Optimization Runtime : Time (s): cpu = 00:00:19 ; elapsed = 00:00:19 . Memory (MB): peak = 1390.004 ; gain = 119.391 ; free physical = 2263 ; free virtual = 12819
Synthesis Optimization Complete : Time (s): cpu = 00:00:24 ; elapsed = 00:00:25 . Memory (MB): peak = 1390.004 ; gain = 532.348 ; free physical = 2263 ; free virtual = 12819
INFO: [Project 1-571] Translating synthesized netlist
INFO: [Netlist 29-17] Analyzing 14 Unisim elements for replacement
INFO: [Netlist 29-28] Unisim Transformation completed in 0 CPU seconds
INFO: [Project 1-570] Preparing netlist for logic optimization
INFO: [Opt 31-138] Pushed 0 inverter(s) to 0 load pin(s).
INFO: [Project 1-111] Unisim Transformation Summary:
No Unisim elements were transformed.

INFO: [Common 17-83] Releasing license: Synthesis
27 Infos, 3 Warnings, 0 Critical Warnings and 0 Errors encountered.
synth_design completed successfully
synth_design: Time (s): cpu = 00:00:23 ; elapsed = 00:00:24 . Memory (MB): peak = 1390.004 ; gain = 461.016 ; free physical = 2263 ; free virtual = 12819
report_utilization: Time (s): cpu = 00:00:00.05 ; elapsed = 00:00:00.07 . Memory (MB): peak = 1422.020 ; gain = 0.000 ; free physical = 2263 ; free virtual = 12819
INFO: [Common 17-206] Exiting Vivado at Sat Nov 18 13:10:17 2017...
